===== F4: Scope Fidelity Check =====
Date: 2026-02-17T10:30:12Z

===== 1. No nix-darwin system migration =====
Checking for nix-darwin references...
PASS: No nix-darwin system migration

===== 2. Darwin remains HM-only =====
homeConfigurations.darwin exists:
warning: Git tree '/etc/nixos' is dirty
   EXIT: 0
No darwinConfigurations output:

===== 3. Desktop safety domains preserved =====
Boot loader:
warning: Git tree '/etc/nixos' is dirty
false
   EXIT: 0
Filesystem /:
warning: Git tree '/etc/nixos' is dirty
"ext4"
   EXIT: 0
Nvidia:
warning: Git tree '/etc/nixos' is dirty
true
   EXIT: 0
GDM:
warning: Git tree '/etc/nixos' is dirty
trace: Obsolete option `services.xserver.displayManager.gdm.enable' is used. It was renamed to `services.displayManager.gdm.enable'.
true
   EXIT: 0
Audio (pipewire):
warning: Git tree '/etc/nixos' is dirty
true
   EXIT: 0

===== 4. Only agreed scope changed =====
New directories (expected: hosts, modules, home splits):
/etc/nixos/home/common/
/etc/nixos/home/darwin/
/etc/nixos/home/desktop/
/etc/nixos/home/linux/
/etc/nixos/home/wsl/
/etc/nixos/hosts/
/etc/nixos/modules/

Existing critical files preserved:
  PRESENT: configuration.nix
  PRESENT: hardware-configuration.nix
  PRESENT: home.nix
  PRESENT: flake.nix
  PRESENT: flake.lock

===== 5. Module layout matches plan =====
Expected layout check:
  OK: hosts/desktop/
  OK: hosts/wsl/
  OK: modules/nixos/common/
  OK: modules/nixos/desktop/
  OK: modules/nixos/wsl/
  OK: home/common/
  OK: home/linux/
  OK: home/wsl/
  OK: home/darwin/

===== 6. No accidental desktop safety-domain regression =====
Hardware-configuration.nix unchanged from backup:
PASS: Identical

Overall: Scope fidelity check complete.
